<?xml version="1.0" encoding="UTF-8"?>
<!-- Generated by org.testng.reporters.JUnitXMLReporter -->
<testsuite ignored="0" hostname="HP" failures="0" tests="3" name="Chrome Test" time="121.693" errors="0" timestamp="2022-09-10T21:08:58 IST">
  <testcase classname="PageObject.Base" name="@BeforeClass setUp" time="3.335">
    <failure type="org.openqa.selenium.SessionNotCreatedException" message="Could not start a new session. Response code 500. Message: Error: No Selenium config found for browserVersion: 62.0 For experimental purpose, you can add capability lambdaStrict:false to try it out. Input capabilities : {&amp;quot;EnableHTTP2InMartian&amp;quot;:false,&amp;quot;acceptInsecureCerts&amp;quot;:true,&amp;quot;acceptSslCerts&amp;quot;:true,&amp;quot;browserName&amp;quot;:&amp;quot;firefox&amp;quot;,&amp;quot;build&amp;quot;:&amp;quot;ParallelTestNG&amp;quot;,&amp;quot;console&amp;quot;:&amp;quot;true&amp;quot;,&amp;quot;enableNetworkThrottling&amp;quot;:false,&amp;quot;extendedDebuging&amp;quot;:true,&amp;quot;headless&amp;quot;:false,&amp;quot;loggingPrefs&amp;quot;:{&amp;quot;browser&amp;quot;:&amp;quot;ALL&amp;quot;,&amp;quot;driver&amp;quot;:&amp;quot;ALL&amp;quot;,&amp;quot;server&amp;quot;:&amp;quot;ALL&amp;quot;},&amp;quot;name&amp;quot;:&amp;quot;ParallelTestNG&amp;quot;,&amp;quot;network&amp;quot;:true,&amp;quot;performance&amp;quot;:false,&amp;quot;platform&amp;quot;:&amp;quot;win8&amp;quot;,&amp;quot;resolution&amp;quot;:&amp;quot;1920x1080&amp;quot;,&amp;quot;tunnel&amp;quot;:false,&amp;quot;tunnelIdentifier&amp;quot;:&amp;quot;&amp;quot;,&amp;quot;userAgent&amp;quot;:&amp;quot;selenium/4.0.0 (java windows)&amp;quot;,&amp;quot;version&amp;quot;:&amp;quot;62.0&amp;quot;,&amp;quot;video&amp;quot;:true,&amp;quot;visual&amp;quot;:true,&amp;quot;w3c&amp;quot;:true}
Build info: version: &amp;apos;4.0.0&amp;apos;, revision: &amp;apos;3a21814679&amp;apos;
System info: host: &amp;apos;HP&amp;apos;, ip: &amp;apos;192.168.29.45&amp;apos;, os.name: &amp;apos;Windows 11&amp;apos;, os.arch: &amp;apos;amd64&amp;apos;, os.version: &amp;apos;10.0&amp;apos;, java.version: &amp;apos;18.0.1.1&amp;apos;
Driver info: org.openqa.selenium.remote.RemoteWebDriver
Command: [null, newSession {capabilities=[Capabilities {browserName: firefox, platformName: win8}], desiredCapabilities=Capabilities {browserName: firefox, build: ParallelTestNG, console: true, name: ParallelTestNG, network: true, platform: WIN8, version: 62.0, video: true, visual: true}}]
Capabilities {}">
      <![CDATA[org.openqa.selenium.SessionNotCreatedException: Could not start a new session. Response code 500. Message: Error: No Selenium config found for browserVersion: 62.0 For experimental purpose, you can add capability lambdaStrict:false to try it out. Input capabilities : {"EnableHTTP2InMartian":false,"acceptInsecureCerts":true,"acceptSslCerts":true,"browserName":"firefox","build":"ParallelTestNG","console":"true","enableNetworkThrottling":false,"extendedDebuging":true,"headless":false,"loggingPrefs":{"browser":"ALL","driver":"ALL","server":"ALL"},"name":"ParallelTestNG","network":true,"performance":false,"platform":"win8","resolution":"1920x1080","tunnel":false,"tunnelIdentifier":"","userAgent":"selenium/4.0.0 (java windows)","version":"62.0","video":true,"visual":true,"w3c":true}
Build info: version: '4.0.0', revision: '3a21814679'
System info: host: 'HP', ip: '192.168.29.45', os.name: 'Windows 11', os.arch: 'amd64', os.version: '10.0', java.version: '18.0.1.1'
Driver info: org.openqa.selenium.remote.RemoteWebDriver
Command: [null, newSession {capabilities=[Capabilities {browserName: firefox, platformName: win8}], desiredCapabilities=Capabilities {browserName: firefox, build: ParallelTestNG, console: true, name: ParallelTestNG, network: true, platform: WIN8, version: 62.0, video: true, visual: true}}]
Capabilities {}
at org.openqa.selenium.remote.ProtocolHandshake.createSession(ProtocolHandshake.java:126)
at org.openqa.selenium.remote.ProtocolHandshake.createSession(ProtocolHandshake.java:84)
at org.openqa.selenium.remote.ProtocolHandshake.createSession(ProtocolHandshake.java:62)
at org.openqa.selenium.remote.HttpCommandExecutor.execute(HttpCommandExecutor.java:156)
at org.openqa.selenium.remote.TracedCommandExecutor.execute(TracedCommandExecutor.java:39)
at org.openqa.selenium.remote.RemoteWebDriver.execute(RemoteWebDriver.java:559)
at org.openqa.selenium.remote.RemoteWebDriver.startSession(RemoteWebDriver.java:246)
at org.openqa.selenium.remote.RemoteWebDriver.<init>(RemoteWebDriver.java:168)
at org.openqa.selenium.remote.RemoteWebDriver.<init>(RemoteWebDriver.java:146)
at PageObject.Base.setUp(Base.java:60)
at java.base/java.util.ArrayList.forEach(ArrayList.java:1511)
at java.base/java.util.concurrent.FutureTask.run(FutureTask.java:264)
at java.base/java.util.concurrent.ThreadPoolExecutor.runWorker(ThreadPoolExecutor.java:1136)
at java.base/java.util.concurrent.ThreadPoolExecutor$Worker.run(ThreadPoolExecutor.java:635)
at java.base/java.lang.Thread.run(Thread.java:833)
... Removed 14 stack frames]]>
    </failure>
  </testcase> <!-- @BeforeClass setUp -->
  <testcase classname="PageObject.Base" name="@AfterMethod tearDown" time="-1.662824219977E9">
    <skipped/>
  </testcase> <!-- @AfterMethod tearDown -->
  <testcase classname="PageObject.Base" name="@BeforeClass setUp" time="0.758">
    <failure type="org.openqa.selenium.SessionNotCreatedException" message="Could not start a new session. Response code 500. Message: Error: No Selenium config found for browserVersion: 62.0 For experimental purpose, you can add capability lambdaStrict:false to try it out. Input capabilities : {&amp;quot;EnableHTTP2InMartian&amp;quot;:false,&amp;quot;acceptInsecureCerts&amp;quot;:true,&amp;quot;acceptSslCerts&amp;quot;:true,&amp;quot;browserName&amp;quot;:&amp;quot;firefox&amp;quot;,&amp;quot;build&amp;quot;:&amp;quot;ParallelTestNG&amp;quot;,&amp;quot;console&amp;quot;:&amp;quot;true&amp;quot;,&amp;quot;enableNetworkThrottling&amp;quot;:false,&amp;quot;extendedDebuging&amp;quot;:true,&amp;quot;headless&amp;quot;:false,&amp;quot;loggingPrefs&amp;quot;:{&amp;quot;browser&amp;quot;:&amp;quot;ALL&amp;quot;,&amp;quot;driver&amp;quot;:&amp;quot;ALL&amp;quot;,&amp;quot;server&amp;quot;:&amp;quot;ALL&amp;quot;},&amp;quot;name&amp;quot;:&amp;quot;ParallelTestNG&amp;quot;,&amp;quot;network&amp;quot;:true,&amp;quot;performance&amp;quot;:false,&amp;quot;platform&amp;quot;:&amp;quot;win8&amp;quot;,&amp;quot;resolution&amp;quot;:&amp;quot;1920x1080&amp;quot;,&amp;quot;tunnel&amp;quot;:false,&amp;quot;tunnelIdentifier&amp;quot;:&amp;quot;&amp;quot;,&amp;quot;userAgent&amp;quot;:&amp;quot;selenium/4.0.0 (java windows)&amp;quot;,&amp;quot;version&amp;quot;:&amp;quot;62.0&amp;quot;,&amp;quot;video&amp;quot;:true,&amp;quot;visual&amp;quot;:true,&amp;quot;w3c&amp;quot;:true}
Build info: version: &amp;apos;4.0.0&amp;apos;, revision: &amp;apos;3a21814679&amp;apos;
System info: host: &amp;apos;HP&amp;apos;, ip: &amp;apos;192.168.29.45&amp;apos;, os.name: &amp;apos;Windows 11&amp;apos;, os.arch: &amp;apos;amd64&amp;apos;, os.version: &amp;apos;10.0&amp;apos;, java.version: &amp;apos;18.0.1.1&amp;apos;
Driver info: org.openqa.selenium.remote.RemoteWebDriver
Command: [null, newSession {capabilities=[Capabilities {browserName: firefox, platformName: win8}], desiredCapabilities=Capabilities {browserName: firefox, build: ParallelTestNG, console: true, name: ParallelTestNG, network: true, platform: WIN8, version: 62.0, video: true, visual: true}}]
Capabilities {}">
      <![CDATA[org.openqa.selenium.SessionNotCreatedException: Could not start a new session. Response code 500. Message: Error: No Selenium config found for browserVersion: 62.0 For experimental purpose, you can add capability lambdaStrict:false to try it out. Input capabilities : {"EnableHTTP2InMartian":false,"acceptInsecureCerts":true,"acceptSslCerts":true,"browserName":"firefox","build":"ParallelTestNG","console":"true","enableNetworkThrottling":false,"extendedDebuging":true,"headless":false,"loggingPrefs":{"browser":"ALL","driver":"ALL","server":"ALL"},"name":"ParallelTestNG","network":true,"performance":false,"platform":"win8","resolution":"1920x1080","tunnel":false,"tunnelIdentifier":"","userAgent":"selenium/4.0.0 (java windows)","version":"62.0","video":true,"visual":true,"w3c":true}
Build info: version: '4.0.0', revision: '3a21814679'
System info: host: 'HP', ip: '192.168.29.45', os.name: 'Windows 11', os.arch: 'amd64', os.version: '10.0', java.version: '18.0.1.1'
Driver info: org.openqa.selenium.remote.RemoteWebDriver
Command: [null, newSession {capabilities=[Capabilities {browserName: firefox, platformName: win8}], desiredCapabilities=Capabilities {browserName: firefox, build: ParallelTestNG, console: true, name: ParallelTestNG, network: true, platform: WIN8, version: 62.0, video: true, visual: true}}]
Capabilities {}
at org.openqa.selenium.remote.ProtocolHandshake.createSession(ProtocolHandshake.java:126)
at org.openqa.selenium.remote.ProtocolHandshake.createSession(ProtocolHandshake.java:84)
at org.openqa.selenium.remote.ProtocolHandshake.createSession(ProtocolHandshake.java:62)
at org.openqa.selenium.remote.HttpCommandExecutor.execute(HttpCommandExecutor.java:156)
at org.openqa.selenium.remote.TracedCommandExecutor.execute(TracedCommandExecutor.java:39)
at org.openqa.selenium.remote.RemoteWebDriver.execute(RemoteWebDriver.java:559)
at org.openqa.selenium.remote.RemoteWebDriver.startSession(RemoteWebDriver.java:246)
at org.openqa.selenium.remote.RemoteWebDriver.<init>(RemoteWebDriver.java:168)
at org.openqa.selenium.remote.RemoteWebDriver.<init>(RemoteWebDriver.java:146)
at PageObject.Base.setUp(Base.java:60)
at java.base/java.util.ArrayList.forEach(ArrayList.java:1511)
at java.base/java.util.concurrent.FutureTask.run(FutureTask.java:264)
at java.base/java.util.concurrent.ThreadPoolExecutor.runWorker(ThreadPoolExecutor.java:1136)
at java.base/java.util.concurrent.ThreadPoolExecutor$Worker.run(ThreadPoolExecutor.java:635)
at java.base/java.lang.Thread.run(Thread.java:833)
... Removed 14 stack frames]]>
    </failure>
  </testcase> <!-- @BeforeClass setUp -->
  <testcase classname="PageObject.Base" name="@AfterMethod tearDown" time="-1.662824220747E9">
    <skipped/>
  </testcase> <!-- @AfterMethod tearDown -->
  <testcase classname="PageObject.Base" name="@BeforeClass setUp" time="0.814">
    <failure type="org.openqa.selenium.SessionNotCreatedException" message="Could not start a new session. Response code 500. Message: Error: No Selenium config found for browserVersion: 62.0 For experimental purpose, you can add capability lambdaStrict:false to try it out. Input capabilities : {&amp;quot;EnableHTTP2InMartian&amp;quot;:false,&amp;quot;acceptInsecureCerts&amp;quot;:true,&amp;quot;acceptSslCerts&amp;quot;:true,&amp;quot;browserName&amp;quot;:&amp;quot;firefox&amp;quot;,&amp;quot;build&amp;quot;:&amp;quot;ParallelTestNG&amp;quot;,&amp;quot;console&amp;quot;:&amp;quot;true&amp;quot;,&amp;quot;enableNetworkThrottling&amp;quot;:false,&amp;quot;extendedDebuging&amp;quot;:true,&amp;quot;headless&amp;quot;:false,&amp;quot;loggingPrefs&amp;quot;:{&amp;quot;browser&amp;quot;:&amp;quot;ALL&amp;quot;,&amp;quot;driver&amp;quot;:&amp;quot;ALL&amp;quot;,&amp;quot;server&amp;quot;:&amp;quot;ALL&amp;quot;},&amp;quot;name&amp;quot;:&amp;quot;ParallelTestNG&amp;quot;,&amp;quot;network&amp;quot;:true,&amp;quot;performance&amp;quot;:false,&amp;quot;platform&amp;quot;:&amp;quot;win8&amp;quot;,&amp;quot;resolution&amp;quot;:&amp;quot;1920x1080&amp;quot;,&amp;quot;tunnel&amp;quot;:false,&amp;quot;tunnelIdentifier&amp;quot;:&amp;quot;&amp;quot;,&amp;quot;userAgent&amp;quot;:&amp;quot;selenium/4.0.0 (java windows)&amp;quot;,&amp;quot;version&amp;quot;:&amp;quot;62.0&amp;quot;,&amp;quot;video&amp;quot;:true,&amp;quot;visual&amp;quot;:true,&amp;quot;w3c&amp;quot;:true}
Build info: version: &amp;apos;4.0.0&amp;apos;, revision: &amp;apos;3a21814679&amp;apos;
System info: host: &amp;apos;HP&amp;apos;, ip: &amp;apos;192.168.29.45&amp;apos;, os.name: &amp;apos;Windows 11&amp;apos;, os.arch: &amp;apos;amd64&amp;apos;, os.version: &amp;apos;10.0&amp;apos;, java.version: &amp;apos;18.0.1.1&amp;apos;
Driver info: org.openqa.selenium.remote.RemoteWebDriver
Command: [null, newSession {capabilities=[Capabilities {browserName: firefox, platformName: win8}], desiredCapabilities=Capabilities {browserName: firefox, build: ParallelTestNG, console: true, name: ParallelTestNG, network: true, platform: WIN8, version: 62.0, video: true, visual: true}}]
Capabilities {}">
      <![CDATA[org.openqa.selenium.SessionNotCreatedException: Could not start a new session. Response code 500. Message: Error: No Selenium config found for browserVersion: 62.0 For experimental purpose, you can add capability lambdaStrict:false to try it out. Input capabilities : {"EnableHTTP2InMartian":false,"acceptInsecureCerts":true,"acceptSslCerts":true,"browserName":"firefox","build":"ParallelTestNG","console":"true","enableNetworkThrottling":false,"extendedDebuging":true,"headless":false,"loggingPrefs":{"browser":"ALL","driver":"ALL","server":"ALL"},"name":"ParallelTestNG","network":true,"performance":false,"platform":"win8","resolution":"1920x1080","tunnel":false,"tunnelIdentifier":"","userAgent":"selenium/4.0.0 (java windows)","version":"62.0","video":true,"visual":true,"w3c":true}
Build info: version: '4.0.0', revision: '3a21814679'
System info: host: 'HP', ip: '192.168.29.45', os.name: 'Windows 11', os.arch: 'amd64', os.version: '10.0', java.version: '18.0.1.1'
Driver info: org.openqa.selenium.remote.RemoteWebDriver
Command: [null, newSession {capabilities=[Capabilities {browserName: firefox, platformName: win8}], desiredCapabilities=Capabilities {browserName: firefox, build: ParallelTestNG, console: true, name: ParallelTestNG, network: true, platform: WIN8, version: 62.0, video: true, visual: true}}]
Capabilities {}
at org.openqa.selenium.remote.ProtocolHandshake.createSession(ProtocolHandshake.java:126)
at org.openqa.selenium.remote.ProtocolHandshake.createSession(ProtocolHandshake.java:84)
at org.openqa.selenium.remote.ProtocolHandshake.createSession(ProtocolHandshake.java:62)
at org.openqa.selenium.remote.HttpCommandExecutor.execute(HttpCommandExecutor.java:156)
at org.openqa.selenium.remote.TracedCommandExecutor.execute(TracedCommandExecutor.java:39)
at org.openqa.selenium.remote.RemoteWebDriver.execute(RemoteWebDriver.java:559)
at org.openqa.selenium.remote.RemoteWebDriver.startSession(RemoteWebDriver.java:246)
at org.openqa.selenium.remote.RemoteWebDriver.<init>(RemoteWebDriver.java:168)
at org.openqa.selenium.remote.RemoteWebDriver.<init>(RemoteWebDriver.java:146)
at PageObject.Base.setUp(Base.java:60)
at java.base/java.util.ArrayList.forEach(ArrayList.java:1511)
at java.base/java.util.concurrent.FutureTask.run(FutureTask.java:264)
at java.base/java.util.concurrent.ThreadPoolExecutor.runWorker(ThreadPoolExecutor.java:1136)
at java.base/java.util.concurrent.ThreadPoolExecutor$Worker.run(ThreadPoolExecutor.java:635)
at java.base/java.lang.Thread.run(Thread.java:833)
... Removed 14 stack frames]]>
    </failure>
  </testcase> <!-- @BeforeClass setUp -->
  <testcase classname="PageObject.Base" name="@AfterMethod tearDown" time="-1.662824221576E9">
    <skipped/>
  </testcase> <!-- @AfterMethod tearDown -->
  <testcase classname="Test.MessageVerify" name="test1" time="8.667"/>
  <testcase classname="Test.Slider" name="SliderbarTest" time="12.0"/>
  <testcase classname="Test.Form" name="FormTest" time="42.073"/>
</testsuite> <!-- Chrome Test -->
