<html>
<head>
<title>TestNG:  Firefox Test</title>
<link href="../testng.css" rel="stylesheet" type="text/css" />
<link href="../my-testng.css" rel="stylesheet" type="text/css" />

<style type="text/css">
.log { display: none;} 
.stack-trace { display: none;} 
</style>
<script type="text/javascript">
<!--
function flip(e) {
  current = e.style.display;
  if (current == 'block') {
    e.style.display = 'none';
    return 0;
  }
  else {
    e.style.display = 'block';
    return 1;
  }
}

function toggleBox(szDivId, elem, msg1, msg2)
{
  var res = -1;  if (document.getElementById) {
    res = flip(document.getElementById(szDivId));
  }
  else if (document.all) {
    // this is the way old msie versions work
    res = flip(document.all[szDivId]);
  }
  if(elem) {
    if(res == 0) elem.innerHTML = msg1; else elem.innerHTML = msg2;
  }

}

function toggleAllBoxes() {
  if (document.getElementsByTagName) {
    d = document.getElementsByTagName('div');
    for (i = 0; i < d.length; i++) {
      if (d[i].className == 'log') {
        flip(d[i]);
      }
    }
  }
}

// -->
</script>

</head>
<body>
<h2 align='center'>Firefox Test</h2><table border='1' align="center">
<tr>
<td>Tests passed/Failed/Skipped:</td><td>0/0/3</td>
</tr><tr>
<td>Started on:</td><td>Sat Sep 10 21:06:56 IST 2022</td>
</tr>
<tr><td>Total time:</td><td>4 seconds (4988 ms)</td>
</tr><tr>
<td>Included groups:</td><td></td>
</tr><tr>
<td>Excluded groups:</td><td></td>
</tr>
</table><p/>
<small><i>(Hover the method name to see the test class name)</i></small><p/>
<table width='100%' border='1' class='invocation-failed'>
<tr><td colspan='4' align='center'><b>FAILED CONFIGURATIONS</b></td></tr>
<tr><td><b>Test method</b></td>
<td width="30%"><b>Exception</b></td>
<td width="10%"><b>Time (seconds)</b></td>
<td><b>Instance</b></td>
</tr>
<tr>
<td title='Test.Form.setUp()'><b>setUp</b><br>Test class: Test.Form<br>Parameters: firefox, 62.0, WIN8</td>
<td><div><pre>org.openqa.selenium.SessionNotCreatedException: Could not start a new session. Response code 500. Message: Error: No Selenium config found for browserVersion: 62.0 For experimental purpose, you can add capability lambdaStrict:false to try it out. Input capabilities : {&quot;EnableHTTP2InMartian&quot;:false,&quot;acceptInsecureCerts&quot;:true,&quot;acceptSslCerts&quot;:true,&quot;browserName&quot;:&quot;firefox&quot;,&quot;build&quot;:&quot;ParallelTestNG&quot;,&quot;console&quot;:&quot;true&quot;,&quot;enableNetworkThrottling&quot;:false,&quot;extendedDebuging&quot;:true,&quot;headless&quot;:false,&quot;loggingPrefs&quot;:{&quot;browser&quot;:&quot;ALL&quot;,&quot;driver&quot;:&quot;ALL&quot;,&quot;server&quot;:&quot;ALL&quot;},&quot;name&quot;:&quot;ParallelTestNG&quot;,&quot;network&quot;:true,&quot;performance&quot;:false,&quot;platform&quot;:&quot;win8&quot;,&quot;resolution&quot;:&quot;1920x1080&quot;,&quot;tunnel&quot;:false,&quot;tunnelIdentifier&quot;:&quot;&quot;,&quot;userAgent&quot;:&quot;selenium/4.0.0 (java windows)&quot;,&quot;version&quot;:&quot;62.0&quot;,&quot;video&quot;:true,&quot;visual&quot;:true,&quot;w3c&quot;:true}
Build info: version: &apos;4.0.0&apos;, revision: &apos;3a21814679&apos;
System info: host: &apos;HP&apos;, ip: &apos;192.168.29.45&apos;, os.name: &apos;Windows 11&apos;, os.arch: &apos;amd64&apos;, os.version: &apos;10.0&apos;, java.version: &apos;18.0.1.1&apos;
Driver info: org.openqa.selenium.remote.RemoteWebDriver
Command: [null, newSession {capabilities=[Capabilities {browserName: firefox, platformName: win8}], desiredCapabilities=Capabilities {browserName: firefox, build: ParallelTestNG, console: true, name: ParallelTestNG, network: true, platform: WIN8, version: 62.0, video: true, visual: true}}]
Capabilities {}
	at org.openqa.selenium.remote.ProtocolHandshake.createSession(ProtocolHandshake.java:126)
	at org.openqa.selenium.remote.ProtocolHandshake.createSession(ProtocolHandshake.java:84)
	at org.openqa.selenium.remote.ProtocolHandshake.createSession(ProtocolHandshake.java:62)
	at org.openqa.selenium.remote.HttpCommandExecutor.execute(HttpCommandExecutor.java:156)
	at org.openqa.selenium.remote.TracedCommandExecutor.execute(TracedCommandExecutor.java:39)
	at org.openqa.selenium.remote.RemoteWebDriver.execute(RemoteWebDriver.java:559)
	at org.openqa.selenium.remote.RemoteWebDriver.startSession(RemoteWebDriver.java:246)
	at org.openqa.selenium.remote.RemoteWebDriver.&lt;init&gt;(RemoteWebDriver.java:168)
	at org.openqa.selenium.remote.RemoteWebDriver.&lt;init&gt;(RemoteWebDriver.java:146)
	at PageObject.Base.setUp(Base.java:60)
	at java.base/java.util.ArrayList.forEach(ArrayList.java:1511)
	at java.base/java.util.concurrent.FutureTask.run(FutureTask.java:264)
	at java.base/java.util.concurrent.ThreadPoolExecutor.runWorker(ThreadPoolExecutor.java:1136)
	at java.base/java.util.concurrent.ThreadPoolExecutor$Worker.run(ThreadPoolExecutor.java:635)
	at java.base/java.lang.Thread.run(Thread.java:833)
... Removed 14 stack frames</pre></div><a href='#' onClick='toggleBox("stack-trace1360290052", this, "Click to show all stack frames", "Click to hide stack frames")'>Click to show all stack frames</a>
<div class='stack-trace' id='stack-trace1360290052'><pre>org.openqa.selenium.SessionNotCreatedException: Could not start a new session. Response code 500. Message: Error: No Selenium config found for browserVersion: 62.0 For experimental purpose, you can add capability lambdaStrict:false to try it out. Input capabilities : {&quot;EnableHTTP2InMartian&quot;:false,&quot;acceptInsecureCerts&quot;:true,&quot;acceptSslCerts&quot;:true,&quot;browserName&quot;:&quot;firefox&quot;,&quot;build&quot;:&quot;ParallelTestNG&quot;,&quot;console&quot;:&quot;true&quot;,&quot;enableNetworkThrottling&quot;:false,&quot;extendedDebuging&quot;:true,&quot;headless&quot;:false,&quot;loggingPrefs&quot;:{&quot;browser&quot;:&quot;ALL&quot;,&quot;driver&quot;:&quot;ALL&quot;,&quot;server&quot;:&quot;ALL&quot;},&quot;name&quot;:&quot;ParallelTestNG&quot;,&quot;network&quot;:true,&quot;performance&quot;:false,&quot;platform&quot;:&quot;win8&quot;,&quot;resolution&quot;:&quot;1920x1080&quot;,&quot;tunnel&quot;:false,&quot;tunnelIdentifier&quot;:&quot;&quot;,&quot;userAgent&quot;:&quot;selenium/4.0.0 (java windows)&quot;,&quot;version&quot;:&quot;62.0&quot;,&quot;video&quot;:true,&quot;visual&quot;:true,&quot;w3c&quot;:true}
Build info: version: &apos;4.0.0&apos;, revision: &apos;3a21814679&apos;
System info: host: &apos;HP&apos;, ip: &apos;192.168.29.45&apos;, os.name: &apos;Windows 11&apos;, os.arch: &apos;amd64&apos;, os.version: &apos;10.0&apos;, java.version: &apos;18.0.1.1&apos;
Driver info: org.openqa.selenium.remote.RemoteWebDriver
Command: [null, newSession {capabilities=[Capabilities {browserName: firefox, platformName: win8}], desiredCapabilities=Capabilities {browserName: firefox, build: ParallelTestNG, console: true, name: ParallelTestNG, network: true, platform: WIN8, version: 62.0, video: true, visual: true}}]
Capabilities {}
	at org.openqa.selenium.remote.ProtocolHandshake.createSession(ProtocolHandshake.java:126)
	at org.openqa.selenium.remote.ProtocolHandshake.createSession(ProtocolHandshake.java:84)
	at org.openqa.selenium.remote.ProtocolHandshake.createSession(ProtocolHandshake.java:62)
	at org.openqa.selenium.remote.HttpCommandExecutor.execute(HttpCommandExecutor.java:156)
	at org.openqa.selenium.remote.TracedCommandExecutor.execute(TracedCommandExecutor.java:39)
	at org.openqa.selenium.remote.RemoteWebDriver.execute(RemoteWebDriver.java:559)
	at org.openqa.selenium.remote.RemoteWebDriver.startSession(RemoteWebDriver.java:246)
	at org.openqa.selenium.remote.RemoteWebDriver.&lt;init&gt;(RemoteWebDriver.java:168)
	at org.openqa.selenium.remote.RemoteWebDriver.&lt;init&gt;(RemoteWebDriver.java:146)
	at PageObject.Base.setUp(Base.java:60)
	at java.base/jdk.internal.reflect.DirectMethodHandleAccessor.invoke(DirectMethodHandleAccessor.java:104)
	at java.base/java.lang.reflect.Method.invoke(Method.java:577)
	at org.testng.internal.MethodInvocationHelper.invokeMethod(MethodInvocationHelper.java:133)
	at org.testng.internal.MethodInvocationHelper.invokeMethodConsideringTimeout(MethodInvocationHelper.java:62)
	at org.testng.internal.ConfigInvoker.invokeConfigurationMethod(ConfigInvoker.java:385)
	at org.testng.internal.ConfigInvoker.invokeConfigurations(ConfigInvoker.java:321)
	at org.testng.internal.TestMethodWorker.invokeBeforeClassMethods(TestMethodWorker.java:176)
	at org.testng.internal.TestMethodWorker.run(TestMethodWorker.java:122)
	at java.base/java.util.ArrayList.forEach(ArrayList.java:1511)
	at org.testng.TestRunner.privateRun(TestRunner.java:794)
	at org.testng.TestRunner.run(TestRunner.java:596)
	at org.testng.SuiteRunner.runTest(SuiteRunner.java:377)
	at org.testng.SuiteRunner.access$000(SuiteRunner.java:28)
	at org.testng.SuiteRunner$SuiteWorker.run(SuiteRunner.java:418)
	at org.testng.internal.thread.ThreadUtil.lambda$execute$0(ThreadUtil.java:64)
	at java.base/java.util.concurrent.FutureTask.run(FutureTask.java:264)
	at java.base/java.util.concurrent.ThreadPoolExecutor.runWorker(ThreadPoolExecutor.java:1136)
	at java.base/java.util.concurrent.ThreadPoolExecutor$Worker.run(ThreadPoolExecutor.java:635)
	at java.base/java.lang.Thread.run(Thread.java:833)
</pre></div></td>
<td>0</td>
<td>Test.Form@6aeb35e6</td></tr>
<tr>
<td title='Test.MessageVerify.setUp()'><b>setUp</b><br>Test class: Test.MessageVerify<br>Parameters: firefox, 62.0, WIN8</td>
<td><div><pre>org.openqa.selenium.SessionNotCreatedException: Could not start a new session. Response code 500. Message: Error: No Selenium config found for browserVersion: 62.0 For experimental purpose, you can add capability lambdaStrict:false to try it out. Input capabilities : {&quot;EnableHTTP2InMartian&quot;:false,&quot;acceptInsecureCerts&quot;:true,&quot;acceptSslCerts&quot;:true,&quot;browserName&quot;:&quot;firefox&quot;,&quot;build&quot;:&quot;ParallelTestNG&quot;,&quot;console&quot;:&quot;true&quot;,&quot;enableNetworkThrottling&quot;:false,&quot;extendedDebuging&quot;:true,&quot;headless&quot;:false,&quot;loggingPrefs&quot;:{&quot;browser&quot;:&quot;ALL&quot;,&quot;driver&quot;:&quot;ALL&quot;,&quot;server&quot;:&quot;ALL&quot;},&quot;name&quot;:&quot;ParallelTestNG&quot;,&quot;network&quot;:true,&quot;performance&quot;:false,&quot;platform&quot;:&quot;win8&quot;,&quot;resolution&quot;:&quot;1920x1080&quot;,&quot;tunnel&quot;:false,&quot;tunnelIdentifier&quot;:&quot;&quot;,&quot;userAgent&quot;:&quot;selenium/4.0.0 (java windows)&quot;,&quot;version&quot;:&quot;62.0&quot;,&quot;video&quot;:true,&quot;visual&quot;:true,&quot;w3c&quot;:true}
Build info: version: &apos;4.0.0&apos;, revision: &apos;3a21814679&apos;
System info: host: &apos;HP&apos;, ip: &apos;192.168.29.45&apos;, os.name: &apos;Windows 11&apos;, os.arch: &apos;amd64&apos;, os.version: &apos;10.0&apos;, java.version: &apos;18.0.1.1&apos;
Driver info: org.openqa.selenium.remote.RemoteWebDriver
Command: [null, newSession {capabilities=[Capabilities {browserName: firefox, platformName: win8}], desiredCapabilities=Capabilities {browserName: firefox, build: ParallelTestNG, console: true, name: ParallelTestNG, network: true, platform: WIN8, version: 62.0, video: true, visual: true}}]
Capabilities {}
	at org.openqa.selenium.remote.ProtocolHandshake.createSession(ProtocolHandshake.java:126)
	at org.openqa.selenium.remote.ProtocolHandshake.createSession(ProtocolHandshake.java:84)
	at org.openqa.selenium.remote.ProtocolHandshake.createSession(ProtocolHandshake.java:62)
	at org.openqa.selenium.remote.HttpCommandExecutor.execute(HttpCommandExecutor.java:156)
	at org.openqa.selenium.remote.TracedCommandExecutor.execute(TracedCommandExecutor.java:39)
	at org.openqa.selenium.remote.RemoteWebDriver.execute(RemoteWebDriver.java:559)
	at org.openqa.selenium.remote.RemoteWebDriver.startSession(RemoteWebDriver.java:246)
	at org.openqa.selenium.remote.RemoteWebDriver.&lt;init&gt;(RemoteWebDriver.java:168)
	at org.openqa.selenium.remote.RemoteWebDriver.&lt;init&gt;(RemoteWebDriver.java:146)
	at PageObject.Base.setUp(Base.java:60)
	at java.base/java.util.ArrayList.forEach(ArrayList.java:1511)
	at java.base/java.util.concurrent.FutureTask.run(FutureTask.java:264)
	at java.base/java.util.concurrent.ThreadPoolExecutor.runWorker(ThreadPoolExecutor.java:1136)
	at java.base/java.util.concurrent.ThreadPoolExecutor$Worker.run(ThreadPoolExecutor.java:635)
	at java.base/java.lang.Thread.run(Thread.java:833)
... Removed 14 stack frames</pre></div><a href='#' onClick='toggleBox("stack-trace1430549287", this, "Click to show all stack frames", "Click to hide stack frames")'>Click to show all stack frames</a>
<div class='stack-trace' id='stack-trace1430549287'><pre>org.openqa.selenium.SessionNotCreatedException: Could not start a new session. Response code 500. Message: Error: No Selenium config found for browserVersion: 62.0 For experimental purpose, you can add capability lambdaStrict:false to try it out. Input capabilities : {&quot;EnableHTTP2InMartian&quot;:false,&quot;acceptInsecureCerts&quot;:true,&quot;acceptSslCerts&quot;:true,&quot;browserName&quot;:&quot;firefox&quot;,&quot;build&quot;:&quot;ParallelTestNG&quot;,&quot;console&quot;:&quot;true&quot;,&quot;enableNetworkThrottling&quot;:false,&quot;extendedDebuging&quot;:true,&quot;headless&quot;:false,&quot;loggingPrefs&quot;:{&quot;browser&quot;:&quot;ALL&quot;,&quot;driver&quot;:&quot;ALL&quot;,&quot;server&quot;:&quot;ALL&quot;},&quot;name&quot;:&quot;ParallelTestNG&quot;,&quot;network&quot;:true,&quot;performance&quot;:false,&quot;platform&quot;:&quot;win8&quot;,&quot;resolution&quot;:&quot;1920x1080&quot;,&quot;tunnel&quot;:false,&quot;tunnelIdentifier&quot;:&quot;&quot;,&quot;userAgent&quot;:&quot;selenium/4.0.0 (java windows)&quot;,&quot;version&quot;:&quot;62.0&quot;,&quot;video&quot;:true,&quot;visual&quot;:true,&quot;w3c&quot;:true}
Build info: version: &apos;4.0.0&apos;, revision: &apos;3a21814679&apos;
System info: host: &apos;HP&apos;, ip: &apos;192.168.29.45&apos;, os.name: &apos;Windows 11&apos;, os.arch: &apos;amd64&apos;, os.version: &apos;10.0&apos;, java.version: &apos;18.0.1.1&apos;
Driver info: org.openqa.selenium.remote.RemoteWebDriver
Command: [null, newSession {capabilities=[Capabilities {browserName: firefox, platformName: win8}], desiredCapabilities=Capabilities {browserName: firefox, build: ParallelTestNG, console: true, name: ParallelTestNG, network: true, platform: WIN8, version: 62.0, video: true, visual: true}}]
Capabilities {}
	at org.openqa.selenium.remote.ProtocolHandshake.createSession(ProtocolHandshake.java:126)
	at org.openqa.selenium.remote.ProtocolHandshake.createSession(ProtocolHandshake.java:84)
	at org.openqa.selenium.remote.ProtocolHandshake.createSession(ProtocolHandshake.java:62)
	at org.openqa.selenium.remote.HttpCommandExecutor.execute(HttpCommandExecutor.java:156)
	at org.openqa.selenium.remote.TracedCommandExecutor.execute(TracedCommandExecutor.java:39)
	at org.openqa.selenium.remote.RemoteWebDriver.execute(RemoteWebDriver.java:559)
	at org.openqa.selenium.remote.RemoteWebDriver.startSession(RemoteWebDriver.java:246)
	at org.openqa.selenium.remote.RemoteWebDriver.&lt;init&gt;(RemoteWebDriver.java:168)
	at org.openqa.selenium.remote.RemoteWebDriver.&lt;init&gt;(RemoteWebDriver.java:146)
	at PageObject.Base.setUp(Base.java:60)
	at java.base/jdk.internal.reflect.DirectMethodHandleAccessor.invoke(DirectMethodHandleAccessor.java:104)
	at java.base/java.lang.reflect.Method.invoke(Method.java:577)
	at org.testng.internal.MethodInvocationHelper.invokeMethod(MethodInvocationHelper.java:133)
	at org.testng.internal.MethodInvocationHelper.invokeMethodConsideringTimeout(MethodInvocationHelper.java:62)
	at org.testng.internal.ConfigInvoker.invokeConfigurationMethod(ConfigInvoker.java:385)
	at org.testng.internal.ConfigInvoker.invokeConfigurations(ConfigInvoker.java:321)
	at org.testng.internal.TestMethodWorker.invokeBeforeClassMethods(TestMethodWorker.java:176)
	at org.testng.internal.TestMethodWorker.run(TestMethodWorker.java:122)
	at java.base/java.util.ArrayList.forEach(ArrayList.java:1511)
	at org.testng.TestRunner.privateRun(TestRunner.java:794)
	at org.testng.TestRunner.run(TestRunner.java:596)
	at org.testng.SuiteRunner.runTest(SuiteRunner.java:377)
	at org.testng.SuiteRunner.access$000(SuiteRunner.java:28)
	at org.testng.SuiteRunner$SuiteWorker.run(SuiteRunner.java:418)
	at org.testng.internal.thread.ThreadUtil.lambda$execute$0(ThreadUtil.java:64)
	at java.base/java.util.concurrent.FutureTask.run(FutureTask.java:264)
	at java.base/java.util.concurrent.ThreadPoolExecutor.runWorker(ThreadPoolExecutor.java:1136)
	at java.base/java.util.concurrent.ThreadPoolExecutor$Worker.run(ThreadPoolExecutor.java:635)
	at java.base/java.lang.Thread.run(Thread.java:833)
</pre></div></td>
<td>3</td>
<td>Test.MessageVerify@42a48628</td></tr>
<tr>
<td title='Test.Slider.setUp()'><b>setUp</b><br>Test class: Test.Slider<br>Parameters: firefox, 62.0, WIN8</td>
<td><div><pre>org.openqa.selenium.SessionNotCreatedException: Could not start a new session. Response code 500. Message: Error: No Selenium config found for browserVersion: 62.0 For experimental purpose, you can add capability lambdaStrict:false to try it out. Input capabilities : {&quot;EnableHTTP2InMartian&quot;:false,&quot;acceptInsecureCerts&quot;:true,&quot;acceptSslCerts&quot;:true,&quot;browserName&quot;:&quot;firefox&quot;,&quot;build&quot;:&quot;ParallelTestNG&quot;,&quot;console&quot;:&quot;true&quot;,&quot;enableNetworkThrottling&quot;:false,&quot;extendedDebuging&quot;:true,&quot;headless&quot;:false,&quot;loggingPrefs&quot;:{&quot;browser&quot;:&quot;ALL&quot;,&quot;driver&quot;:&quot;ALL&quot;,&quot;server&quot;:&quot;ALL&quot;},&quot;name&quot;:&quot;ParallelTestNG&quot;,&quot;network&quot;:true,&quot;performance&quot;:false,&quot;platform&quot;:&quot;win8&quot;,&quot;resolution&quot;:&quot;1920x1080&quot;,&quot;tunnel&quot;:false,&quot;tunnelIdentifier&quot;:&quot;&quot;,&quot;userAgent&quot;:&quot;selenium/4.0.0 (java windows)&quot;,&quot;version&quot;:&quot;62.0&quot;,&quot;video&quot;:true,&quot;visual&quot;:true,&quot;w3c&quot;:true}
Build info: version: &apos;4.0.0&apos;, revision: &apos;3a21814679&apos;
System info: host: &apos;HP&apos;, ip: &apos;192.168.29.45&apos;, os.name: &apos;Windows 11&apos;, os.arch: &apos;amd64&apos;, os.version: &apos;10.0&apos;, java.version: &apos;18.0.1.1&apos;
Driver info: org.openqa.selenium.remote.RemoteWebDriver
Command: [null, newSession {capabilities=[Capabilities {browserName: firefox, platformName: win8}], desiredCapabilities=Capabilities {browserName: firefox, build: ParallelTestNG, console: true, name: ParallelTestNG, network: true, platform: WIN8, version: 62.0, video: true, visual: true}}]
Capabilities {}
	at org.openqa.selenium.remote.ProtocolHandshake.createSession(ProtocolHandshake.java:126)
	at org.openqa.selenium.remote.ProtocolHandshake.createSession(ProtocolHandshake.java:84)
	at org.openqa.selenium.remote.ProtocolHandshake.createSession(ProtocolHandshake.java:62)
	at org.openqa.selenium.remote.HttpCommandExecutor.execute(HttpCommandExecutor.java:156)
	at org.openqa.selenium.remote.TracedCommandExecutor.execute(TracedCommandExecutor.java:39)
	at org.openqa.selenium.remote.RemoteWebDriver.execute(RemoteWebDriver.java:559)
	at org.openqa.selenium.remote.RemoteWebDriver.startSession(RemoteWebDriver.java:246)
	at org.openqa.selenium.remote.RemoteWebDriver.&lt;init&gt;(RemoteWebDriver.java:168)
	at org.openqa.selenium.remote.RemoteWebDriver.&lt;init&gt;(RemoteWebDriver.java:146)
	at PageObject.Base.setUp(Base.java:60)
	at java.base/java.util.ArrayList.forEach(ArrayList.java:1511)
	at java.base/java.util.concurrent.FutureTask.run(FutureTask.java:264)
	at java.base/java.util.concurrent.ThreadPoolExecutor.runWorker(ThreadPoolExecutor.java:1136)
	at java.base/java.util.concurrent.ThreadPoolExecutor$Worker.run(ThreadPoolExecutor.java:635)
	at java.base/java.lang.Thread.run(Thread.java:833)
... Removed 14 stack frames</pre></div><a href='#' onClick='toggleBox("stack-trace1665388343", this, "Click to show all stack frames", "Click to hide stack frames")'>Click to show all stack frames</a>
<div class='stack-trace' id='stack-trace1665388343'><pre>org.openqa.selenium.SessionNotCreatedException: Could not start a new session. Response code 500. Message: Error: No Selenium config found for browserVersion: 62.0 For experimental purpose, you can add capability lambdaStrict:false to try it out. Input capabilities : {&quot;EnableHTTP2InMartian&quot;:false,&quot;acceptInsecureCerts&quot;:true,&quot;acceptSslCerts&quot;:true,&quot;browserName&quot;:&quot;firefox&quot;,&quot;build&quot;:&quot;ParallelTestNG&quot;,&quot;console&quot;:&quot;true&quot;,&quot;enableNetworkThrottling&quot;:false,&quot;extendedDebuging&quot;:true,&quot;headless&quot;:false,&quot;loggingPrefs&quot;:{&quot;browser&quot;:&quot;ALL&quot;,&quot;driver&quot;:&quot;ALL&quot;,&quot;server&quot;:&quot;ALL&quot;},&quot;name&quot;:&quot;ParallelTestNG&quot;,&quot;network&quot;:true,&quot;performance&quot;:false,&quot;platform&quot;:&quot;win8&quot;,&quot;resolution&quot;:&quot;1920x1080&quot;,&quot;tunnel&quot;:false,&quot;tunnelIdentifier&quot;:&quot;&quot;,&quot;userAgent&quot;:&quot;selenium/4.0.0 (java windows)&quot;,&quot;version&quot;:&quot;62.0&quot;,&quot;video&quot;:true,&quot;visual&quot;:true,&quot;w3c&quot;:true}
Build info: version: &apos;4.0.0&apos;, revision: &apos;3a21814679&apos;
System info: host: &apos;HP&apos;, ip: &apos;192.168.29.45&apos;, os.name: &apos;Windows 11&apos;, os.arch: &apos;amd64&apos;, os.version: &apos;10.0&apos;, java.version: &apos;18.0.1.1&apos;
Driver info: org.openqa.selenium.remote.RemoteWebDriver
Command: [null, newSession {capabilities=[Capabilities {browserName: firefox, platformName: win8}], desiredCapabilities=Capabilities {browserName: firefox, build: ParallelTestNG, console: true, name: ParallelTestNG, network: true, platform: WIN8, version: 62.0, video: true, visual: true}}]
Capabilities {}
	at org.openqa.selenium.remote.ProtocolHandshake.createSession(ProtocolHandshake.java:126)
	at org.openqa.selenium.remote.ProtocolHandshake.createSession(ProtocolHandshake.java:84)
	at org.openqa.selenium.remote.ProtocolHandshake.createSession(ProtocolHandshake.java:62)
	at org.openqa.selenium.remote.HttpCommandExecutor.execute(HttpCommandExecutor.java:156)
	at org.openqa.selenium.remote.TracedCommandExecutor.execute(TracedCommandExecutor.java:39)
	at org.openqa.selenium.remote.RemoteWebDriver.execute(RemoteWebDriver.java:559)
	at org.openqa.selenium.remote.RemoteWebDriver.startSession(RemoteWebDriver.java:246)
	at org.openqa.selenium.remote.RemoteWebDriver.&lt;init&gt;(RemoteWebDriver.java:168)
	at org.openqa.selenium.remote.RemoteWebDriver.&lt;init&gt;(RemoteWebDriver.java:146)
	at PageObject.Base.setUp(Base.java:60)
	at java.base/jdk.internal.reflect.DirectMethodHandleAccessor.invoke(DirectMethodHandleAccessor.java:104)
	at java.base/java.lang.reflect.Method.invoke(Method.java:577)
	at org.testng.internal.MethodInvocationHelper.invokeMethod(MethodInvocationHelper.java:133)
	at org.testng.internal.MethodInvocationHelper.invokeMethodConsideringTimeout(MethodInvocationHelper.java:62)
	at org.testng.internal.ConfigInvoker.invokeConfigurationMethod(ConfigInvoker.java:385)
	at org.testng.internal.ConfigInvoker.invokeConfigurations(ConfigInvoker.java:321)
	at org.testng.internal.TestMethodWorker.invokeBeforeClassMethods(TestMethodWorker.java:176)
	at org.testng.internal.TestMethodWorker.run(TestMethodWorker.java:122)
	at java.base/java.util.ArrayList.forEach(ArrayList.java:1511)
	at org.testng.TestRunner.privateRun(TestRunner.java:794)
	at org.testng.TestRunner.run(TestRunner.java:596)
	at org.testng.SuiteRunner.runTest(SuiteRunner.java:377)
	at org.testng.SuiteRunner.access$000(SuiteRunner.java:28)
	at org.testng.SuiteRunner$SuiteWorker.run(SuiteRunner.java:418)
	at org.testng.internal.thread.ThreadUtil.lambda$execute$0(ThreadUtil.java:64)
	at java.base/java.util.concurrent.FutureTask.run(FutureTask.java:264)
	at java.base/java.util.concurrent.ThreadPoolExecutor.runWorker(ThreadPoolExecutor.java:1136)
	at java.base/java.util.concurrent.ThreadPoolExecutor$Worker.run(ThreadPoolExecutor.java:635)
	at java.base/java.lang.Thread.run(Thread.java:833)
</pre></div></td>
<td>0</td>
<td>Test.Slider@293a5bf6</td></tr>
</table><p>
<table width='100%' border='1' class='invocation-skipped'>
<tr><td colspan='4' align='center'><b>SKIPPED CONFIGURATIONS</b></td></tr>
<tr><td><b>Test method</b></td>
<td width="30%"><b>Exception</b></td>
<td width="10%"><b>Time (seconds)</b></td>
<td><b>Instance</b></td>
</tr>
<tr>
<td title='Test.Slider.tearDown()'><b>tearDown</b><br>Test class: Test.Slider</td>
<td></td>
<td>-1662824220</td>
<td>Test.Slider@293a5bf6</td></tr>
<tr>
<td title='Test.MessageVerify.tearDown()'><b>tearDown</b><br>Test class: Test.MessageVerify</td>
<td></td>
<td>-1662824219</td>
<td>Test.MessageVerify@42a48628</td></tr>
<tr>
<td title='Test.Form.tearDown()'><b>tearDown</b><br>Test class: Test.Form</td>
<td></td>
<td>-1662824221</td>
<td>Test.Form@6aeb35e6</td></tr>
</table><p>
<table width='100%' border='1' class='invocation-skipped'>
<tr><td colspan='4' align='center'><b>SKIPPED TESTS</b></td></tr>
<tr><td><b>Test method</b></td>
<td width="30%"><b>Exception</b></td>
<td width="10%"><b>Time (seconds)</b></td>
<td><b>Instance</b></td>
</tr>
<tr>
<td title='Test.MessageVerify.test1()'><b>test1</b><br>Test class: Test.MessageVerify</td>
<td><div><pre>org.openqa.selenium.SessionNotCreatedException: Could not start a new session. Response code 500. Message: Error: No Selenium config found for browserVersion: 62.0 For experimental purpose, you can add capability lambdaStrict:false to try it out. Input capabilities : {&quot;EnableHTTP2InMartian&quot;:false,&quot;acceptInsecureCerts&quot;:true,&quot;acceptSslCerts&quot;:true,&quot;browserName&quot;:&quot;firefox&quot;,&quot;build&quot;:&quot;ParallelTestNG&quot;,&quot;console&quot;:&quot;true&quot;,&quot;enableNetworkThrottling&quot;:false,&quot;extendedDebuging&quot;:true,&quot;headless&quot;:false,&quot;loggingPrefs&quot;:{&quot;browser&quot;:&quot;ALL&quot;,&quot;driver&quot;:&quot;ALL&quot;,&quot;server&quot;:&quot;ALL&quot;},&quot;name&quot;:&quot;ParallelTestNG&quot;,&quot;network&quot;:true,&quot;performance&quot;:false,&quot;platform&quot;:&quot;win8&quot;,&quot;resolution&quot;:&quot;1920x1080&quot;,&quot;tunnel&quot;:false,&quot;tunnelIdentifier&quot;:&quot;&quot;,&quot;userAgent&quot;:&quot;selenium/4.0.0 (java windows)&quot;,&quot;version&quot;:&quot;62.0&quot;,&quot;video&quot;:true,&quot;visual&quot;:true,&quot;w3c&quot;:true}
Build info: version: &apos;4.0.0&apos;, revision: &apos;3a21814679&apos;
System info: host: &apos;HP&apos;, ip: &apos;192.168.29.45&apos;, os.name: &apos;Windows 11&apos;, os.arch: &apos;amd64&apos;, os.version: &apos;10.0&apos;, java.version: &apos;18.0.1.1&apos;
Driver info: org.openqa.selenium.remote.RemoteWebDriver
Command: [null, newSession {capabilities=[Capabilities {browserName: firefox, platformName: win8}], desiredCapabilities=Capabilities {browserName: firefox, build: ParallelTestNG, console: true, name: ParallelTestNG, network: true, platform: WIN8, version: 62.0, video: true, visual: true}}]
Capabilities {}
	at org.openqa.selenium.remote.ProtocolHandshake.createSession(ProtocolHandshake.java:126)
	at org.openqa.selenium.remote.ProtocolHandshake.createSession(ProtocolHandshake.java:84)
	at org.openqa.selenium.remote.ProtocolHandshake.createSession(ProtocolHandshake.java:62)
	at org.openqa.selenium.remote.HttpCommandExecutor.execute(HttpCommandExecutor.java:156)
	at org.openqa.selenium.remote.TracedCommandExecutor.execute(TracedCommandExecutor.java:39)
	at org.openqa.selenium.remote.RemoteWebDriver.execute(RemoteWebDriver.java:559)
	at org.openqa.selenium.remote.RemoteWebDriver.startSession(RemoteWebDriver.java:246)
	at org.openqa.selenium.remote.RemoteWebDriver.&lt;init&gt;(RemoteWebDriver.java:168)
	at org.openqa.selenium.remote.RemoteWebDriver.&lt;init&gt;(RemoteWebDriver.java:146)
	at PageObject.Base.setUp(Base.java:60)
	at java.base/java.util.ArrayList.forEach(ArrayList.java:1511)
	at java.base/java.util.concurrent.FutureTask.run(FutureTask.java:264)
	at java.base/java.util.concurrent.ThreadPoolExecutor.runWorker(ThreadPoolExecutor.java:1136)
	at java.base/java.util.concurrent.ThreadPoolExecutor$Worker.run(ThreadPoolExecutor.java:635)
	at java.base/java.lang.Thread.run(Thread.java:833)
... Removed 14 stack frames</pre></div><a href='#' onClick='toggleBox("stack-trace748615083", this, "Click to show all stack frames", "Click to hide stack frames")'>Click to show all stack frames</a>
<div class='stack-trace' id='stack-trace748615083'><pre>org.openqa.selenium.SessionNotCreatedException: Could not start a new session. Response code 500. Message: Error: No Selenium config found for browserVersion: 62.0 For experimental purpose, you can add capability lambdaStrict:false to try it out. Input capabilities : {&quot;EnableHTTP2InMartian&quot;:false,&quot;acceptInsecureCerts&quot;:true,&quot;acceptSslCerts&quot;:true,&quot;browserName&quot;:&quot;firefox&quot;,&quot;build&quot;:&quot;ParallelTestNG&quot;,&quot;console&quot;:&quot;true&quot;,&quot;enableNetworkThrottling&quot;:false,&quot;extendedDebuging&quot;:true,&quot;headless&quot;:false,&quot;loggingPrefs&quot;:{&quot;browser&quot;:&quot;ALL&quot;,&quot;driver&quot;:&quot;ALL&quot;,&quot;server&quot;:&quot;ALL&quot;},&quot;name&quot;:&quot;ParallelTestNG&quot;,&quot;network&quot;:true,&quot;performance&quot;:false,&quot;platform&quot;:&quot;win8&quot;,&quot;resolution&quot;:&quot;1920x1080&quot;,&quot;tunnel&quot;:false,&quot;tunnelIdentifier&quot;:&quot;&quot;,&quot;userAgent&quot;:&quot;selenium/4.0.0 (java windows)&quot;,&quot;version&quot;:&quot;62.0&quot;,&quot;video&quot;:true,&quot;visual&quot;:true,&quot;w3c&quot;:true}
Build info: version: &apos;4.0.0&apos;, revision: &apos;3a21814679&apos;
System info: host: &apos;HP&apos;, ip: &apos;192.168.29.45&apos;, os.name: &apos;Windows 11&apos;, os.arch: &apos;amd64&apos;, os.version: &apos;10.0&apos;, java.version: &apos;18.0.1.1&apos;
Driver info: org.openqa.selenium.remote.RemoteWebDriver
Command: [null, newSession {capabilities=[Capabilities {browserName: firefox, platformName: win8}], desiredCapabilities=Capabilities {browserName: firefox, build: ParallelTestNG, console: true, name: ParallelTestNG, network: true, platform: WIN8, version: 62.0, video: true, visual: true}}]
Capabilities {}
	at org.openqa.selenium.remote.ProtocolHandshake.createSession(ProtocolHandshake.java:126)
	at org.openqa.selenium.remote.ProtocolHandshake.createSession(ProtocolHandshake.java:84)
	at org.openqa.selenium.remote.ProtocolHandshake.createSession(ProtocolHandshake.java:62)
	at org.openqa.selenium.remote.HttpCommandExecutor.execute(HttpCommandExecutor.java:156)
	at org.openqa.selenium.remote.TracedCommandExecutor.execute(TracedCommandExecutor.java:39)
	at org.openqa.selenium.remote.RemoteWebDriver.execute(RemoteWebDriver.java:559)
	at org.openqa.selenium.remote.RemoteWebDriver.startSession(RemoteWebDriver.java:246)
	at org.openqa.selenium.remote.RemoteWebDriver.&lt;init&gt;(RemoteWebDriver.java:168)
	at org.openqa.selenium.remote.RemoteWebDriver.&lt;init&gt;(RemoteWebDriver.java:146)
	at PageObject.Base.setUp(Base.java:60)
	at java.base/jdk.internal.reflect.DirectMethodHandleAccessor.invoke(DirectMethodHandleAccessor.java:104)
	at java.base/java.lang.reflect.Method.invoke(Method.java:577)
	at org.testng.internal.MethodInvocationHelper.invokeMethod(MethodInvocationHelper.java:133)
	at org.testng.internal.MethodInvocationHelper.invokeMethodConsideringTimeout(MethodInvocationHelper.java:62)
	at org.testng.internal.ConfigInvoker.invokeConfigurationMethod(ConfigInvoker.java:385)
	at org.testng.internal.ConfigInvoker.invokeConfigurations(ConfigInvoker.java:321)
	at org.testng.internal.TestMethodWorker.invokeBeforeClassMethods(TestMethodWorker.java:176)
	at org.testng.internal.TestMethodWorker.run(TestMethodWorker.java:122)
	at java.base/java.util.ArrayList.forEach(ArrayList.java:1511)
	at org.testng.TestRunner.privateRun(TestRunner.java:794)
	at org.testng.TestRunner.run(TestRunner.java:596)
	at org.testng.SuiteRunner.runTest(SuiteRunner.java:377)
	at org.testng.SuiteRunner.access$000(SuiteRunner.java:28)
	at org.testng.SuiteRunner$SuiteWorker.run(SuiteRunner.java:418)
	at org.testng.internal.thread.ThreadUtil.lambda$execute$0(ThreadUtil.java:64)
	at java.base/java.util.concurrent.FutureTask.run(FutureTask.java:264)
	at java.base/java.util.concurrent.ThreadPoolExecutor.runWorker(ThreadPoolExecutor.java:1136)
	at java.base/java.util.concurrent.ThreadPoolExecutor$Worker.run(ThreadPoolExecutor.java:635)
	at java.base/java.lang.Thread.run(Thread.java:833)
</pre></div></td>
<td>0</td>
<td>Test.MessageVerify@42a48628</td></tr>
<tr>
<td title='Test.Form.FormTest()'><b>FormTest</b><br>Test class: Test.Form</td>
<td><div><pre>org.openqa.selenium.SessionNotCreatedException: Could not start a new session. Response code 500. Message: Error: No Selenium config found for browserVersion: 62.0 For experimental purpose, you can add capability lambdaStrict:false to try it out. Input capabilities : {&quot;EnableHTTP2InMartian&quot;:false,&quot;acceptInsecureCerts&quot;:true,&quot;acceptSslCerts&quot;:true,&quot;browserName&quot;:&quot;firefox&quot;,&quot;build&quot;:&quot;ParallelTestNG&quot;,&quot;console&quot;:&quot;true&quot;,&quot;enableNetworkThrottling&quot;:false,&quot;extendedDebuging&quot;:true,&quot;headless&quot;:false,&quot;loggingPrefs&quot;:{&quot;browser&quot;:&quot;ALL&quot;,&quot;driver&quot;:&quot;ALL&quot;,&quot;server&quot;:&quot;ALL&quot;},&quot;name&quot;:&quot;ParallelTestNG&quot;,&quot;network&quot;:true,&quot;performance&quot;:false,&quot;platform&quot;:&quot;win8&quot;,&quot;resolution&quot;:&quot;1920x1080&quot;,&quot;tunnel&quot;:false,&quot;tunnelIdentifier&quot;:&quot;&quot;,&quot;userAgent&quot;:&quot;selenium/4.0.0 (java windows)&quot;,&quot;version&quot;:&quot;62.0&quot;,&quot;video&quot;:true,&quot;visual&quot;:true,&quot;w3c&quot;:true}
Build info: version: &apos;4.0.0&apos;, revision: &apos;3a21814679&apos;
System info: host: &apos;HP&apos;, ip: &apos;192.168.29.45&apos;, os.name: &apos;Windows 11&apos;, os.arch: &apos;amd64&apos;, os.version: &apos;10.0&apos;, java.version: &apos;18.0.1.1&apos;
Driver info: org.openqa.selenium.remote.RemoteWebDriver
Command: [null, newSession {capabilities=[Capabilities {browserName: firefox, platformName: win8}], desiredCapabilities=Capabilities {browserName: firefox, build: ParallelTestNG, console: true, name: ParallelTestNG, network: true, platform: WIN8, version: 62.0, video: true, visual: true}}]
Capabilities {}
	at org.openqa.selenium.remote.ProtocolHandshake.createSession(ProtocolHandshake.java:126)
	at org.openqa.selenium.remote.ProtocolHandshake.createSession(ProtocolHandshake.java:84)
	at org.openqa.selenium.remote.ProtocolHandshake.createSession(ProtocolHandshake.java:62)
	at org.openqa.selenium.remote.HttpCommandExecutor.execute(HttpCommandExecutor.java:156)
	at org.openqa.selenium.remote.TracedCommandExecutor.execute(TracedCommandExecutor.java:39)
	at org.openqa.selenium.remote.RemoteWebDriver.execute(RemoteWebDriver.java:559)
	at org.openqa.selenium.remote.RemoteWebDriver.startSession(RemoteWebDriver.java:246)
	at org.openqa.selenium.remote.RemoteWebDriver.&lt;init&gt;(RemoteWebDriver.java:168)
	at org.openqa.selenium.remote.RemoteWebDriver.&lt;init&gt;(RemoteWebDriver.java:146)
	at PageObject.Base.setUp(Base.java:60)
	at java.base/java.util.ArrayList.forEach(ArrayList.java:1511)
	at java.base/java.util.concurrent.FutureTask.run(FutureTask.java:264)
	at java.base/java.util.concurrent.ThreadPoolExecutor.runWorker(ThreadPoolExecutor.java:1136)
	at java.base/java.util.concurrent.ThreadPoolExecutor$Worker.run(ThreadPoolExecutor.java:635)
	at java.base/java.lang.Thread.run(Thread.java:833)
... Removed 14 stack frames</pre></div><a href='#' onClick='toggleBox("stack-trace1130998341", this, "Click to show all stack frames", "Click to hide stack frames")'>Click to show all stack frames</a>
<div class='stack-trace' id='stack-trace1130998341'><pre>org.openqa.selenium.SessionNotCreatedException: Could not start a new session. Response code 500. Message: Error: No Selenium config found for browserVersion: 62.0 For experimental purpose, you can add capability lambdaStrict:false to try it out. Input capabilities : {&quot;EnableHTTP2InMartian&quot;:false,&quot;acceptInsecureCerts&quot;:true,&quot;acceptSslCerts&quot;:true,&quot;browserName&quot;:&quot;firefox&quot;,&quot;build&quot;:&quot;ParallelTestNG&quot;,&quot;console&quot;:&quot;true&quot;,&quot;enableNetworkThrottling&quot;:false,&quot;extendedDebuging&quot;:true,&quot;headless&quot;:false,&quot;loggingPrefs&quot;:{&quot;browser&quot;:&quot;ALL&quot;,&quot;driver&quot;:&quot;ALL&quot;,&quot;server&quot;:&quot;ALL&quot;},&quot;name&quot;:&quot;ParallelTestNG&quot;,&quot;network&quot;:true,&quot;performance&quot;:false,&quot;platform&quot;:&quot;win8&quot;,&quot;resolution&quot;:&quot;1920x1080&quot;,&quot;tunnel&quot;:false,&quot;tunnelIdentifier&quot;:&quot;&quot;,&quot;userAgent&quot;:&quot;selenium/4.0.0 (java windows)&quot;,&quot;version&quot;:&quot;62.0&quot;,&quot;video&quot;:true,&quot;visual&quot;:true,&quot;w3c&quot;:true}
Build info: version: &apos;4.0.0&apos;, revision: &apos;3a21814679&apos;
System info: host: &apos;HP&apos;, ip: &apos;192.168.29.45&apos;, os.name: &apos;Windows 11&apos;, os.arch: &apos;amd64&apos;, os.version: &apos;10.0&apos;, java.version: &apos;18.0.1.1&apos;
Driver info: org.openqa.selenium.remote.RemoteWebDriver
Command: [null, newSession {capabilities=[Capabilities {browserName: firefox, platformName: win8}], desiredCapabilities=Capabilities {browserName: firefox, build: ParallelTestNG, console: true, name: ParallelTestNG, network: true, platform: WIN8, version: 62.0, video: true, visual: true}}]
Capabilities {}
	at org.openqa.selenium.remote.ProtocolHandshake.createSession(ProtocolHandshake.java:126)
	at org.openqa.selenium.remote.ProtocolHandshake.createSession(ProtocolHandshake.java:84)
	at org.openqa.selenium.remote.ProtocolHandshake.createSession(ProtocolHandshake.java:62)
	at org.openqa.selenium.remote.HttpCommandExecutor.execute(HttpCommandExecutor.java:156)
	at org.openqa.selenium.remote.TracedCommandExecutor.execute(TracedCommandExecutor.java:39)
	at org.openqa.selenium.remote.RemoteWebDriver.execute(RemoteWebDriver.java:559)
	at org.openqa.selenium.remote.RemoteWebDriver.startSession(RemoteWebDriver.java:246)
	at org.openqa.selenium.remote.RemoteWebDriver.&lt;init&gt;(RemoteWebDriver.java:168)
	at org.openqa.selenium.remote.RemoteWebDriver.&lt;init&gt;(RemoteWebDriver.java:146)
	at PageObject.Base.setUp(Base.java:60)
	at java.base/jdk.internal.reflect.DirectMethodHandleAccessor.invoke(DirectMethodHandleAccessor.java:104)
	at java.base/java.lang.reflect.Method.invoke(Method.java:577)
	at org.testng.internal.MethodInvocationHelper.invokeMethod(MethodInvocationHelper.java:133)
	at org.testng.internal.MethodInvocationHelper.invokeMethodConsideringTimeout(MethodInvocationHelper.java:62)
	at org.testng.internal.ConfigInvoker.invokeConfigurationMethod(ConfigInvoker.java:385)
	at org.testng.internal.ConfigInvoker.invokeConfigurations(ConfigInvoker.java:321)
	at org.testng.internal.TestMethodWorker.invokeBeforeClassMethods(TestMethodWorker.java:176)
	at org.testng.internal.TestMethodWorker.run(TestMethodWorker.java:122)
	at java.base/java.util.ArrayList.forEach(ArrayList.java:1511)
	at org.testng.TestRunner.privateRun(TestRunner.java:794)
	at org.testng.TestRunner.run(TestRunner.java:596)
	at org.testng.SuiteRunner.runTest(SuiteRunner.java:377)
	at org.testng.SuiteRunner.access$000(SuiteRunner.java:28)
	at org.testng.SuiteRunner$SuiteWorker.run(SuiteRunner.java:418)
	at org.testng.internal.thread.ThreadUtil.lambda$execute$0(ThreadUtil.java:64)
	at java.base/java.util.concurrent.FutureTask.run(FutureTask.java:264)
	at java.base/java.util.concurrent.ThreadPoolExecutor.runWorker(ThreadPoolExecutor.java:1136)
	at java.base/java.util.concurrent.ThreadPoolExecutor$Worker.run(ThreadPoolExecutor.java:635)
	at java.base/java.lang.Thread.run(Thread.java:833)
</pre></div></td>
<td>0</td>
<td>Test.Form@6aeb35e6</td></tr>
<tr>
<td title='Test.Slider.SliderbarTest()'><b>SliderbarTest</b><br>Test class: Test.Slider</td>
<td><div><pre>org.openqa.selenium.SessionNotCreatedException: Could not start a new session. Response code 500. Message: Error: No Selenium config found for browserVersion: 62.0 For experimental purpose, you can add capability lambdaStrict:false to try it out. Input capabilities : {&quot;EnableHTTP2InMartian&quot;:false,&quot;acceptInsecureCerts&quot;:true,&quot;acceptSslCerts&quot;:true,&quot;browserName&quot;:&quot;firefox&quot;,&quot;build&quot;:&quot;ParallelTestNG&quot;,&quot;console&quot;:&quot;true&quot;,&quot;enableNetworkThrottling&quot;:false,&quot;extendedDebuging&quot;:true,&quot;headless&quot;:false,&quot;loggingPrefs&quot;:{&quot;browser&quot;:&quot;ALL&quot;,&quot;driver&quot;:&quot;ALL&quot;,&quot;server&quot;:&quot;ALL&quot;},&quot;name&quot;:&quot;ParallelTestNG&quot;,&quot;network&quot;:true,&quot;performance&quot;:false,&quot;platform&quot;:&quot;win8&quot;,&quot;resolution&quot;:&quot;1920x1080&quot;,&quot;tunnel&quot;:false,&quot;tunnelIdentifier&quot;:&quot;&quot;,&quot;userAgent&quot;:&quot;selenium/4.0.0 (java windows)&quot;,&quot;version&quot;:&quot;62.0&quot;,&quot;video&quot;:true,&quot;visual&quot;:true,&quot;w3c&quot;:true}
Build info: version: &apos;4.0.0&apos;, revision: &apos;3a21814679&apos;
System info: host: &apos;HP&apos;, ip: &apos;192.168.29.45&apos;, os.name: &apos;Windows 11&apos;, os.arch: &apos;amd64&apos;, os.version: &apos;10.0&apos;, java.version: &apos;18.0.1.1&apos;
Driver info: org.openqa.selenium.remote.RemoteWebDriver
Command: [null, newSession {capabilities=[Capabilities {browserName: firefox, platformName: win8}], desiredCapabilities=Capabilities {browserName: firefox, build: ParallelTestNG, console: true, name: ParallelTestNG, network: true, platform: WIN8, version: 62.0, video: true, visual: true}}]
Capabilities {}
	at org.openqa.selenium.remote.ProtocolHandshake.createSession(ProtocolHandshake.java:126)
	at org.openqa.selenium.remote.ProtocolHandshake.createSession(ProtocolHandshake.java:84)
	at org.openqa.selenium.remote.ProtocolHandshake.createSession(ProtocolHandshake.java:62)
	at org.openqa.selenium.remote.HttpCommandExecutor.execute(HttpCommandExecutor.java:156)
	at org.openqa.selenium.remote.TracedCommandExecutor.execute(TracedCommandExecutor.java:39)
	at org.openqa.selenium.remote.RemoteWebDriver.execute(RemoteWebDriver.java:559)
	at org.openqa.selenium.remote.RemoteWebDriver.startSession(RemoteWebDriver.java:246)
	at org.openqa.selenium.remote.RemoteWebDriver.&lt;init&gt;(RemoteWebDriver.java:168)
	at org.openqa.selenium.remote.RemoteWebDriver.&lt;init&gt;(RemoteWebDriver.java:146)
	at PageObject.Base.setUp(Base.java:60)
	at java.base/java.util.ArrayList.forEach(ArrayList.java:1511)
	at java.base/java.util.concurrent.FutureTask.run(FutureTask.java:264)
	at java.base/java.util.concurrent.ThreadPoolExecutor.runWorker(ThreadPoolExecutor.java:1136)
	at java.base/java.util.concurrent.ThreadPoolExecutor$Worker.run(ThreadPoolExecutor.java:635)
	at java.base/java.lang.Thread.run(Thread.java:833)
... Removed 14 stack frames</pre></div><a href='#' onClick='toggleBox("stack-trace930966211", this, "Click to show all stack frames", "Click to hide stack frames")'>Click to show all stack frames</a>
<div class='stack-trace' id='stack-trace930966211'><pre>org.openqa.selenium.SessionNotCreatedException: Could not start a new session. Response code 500. Message: Error: No Selenium config found for browserVersion: 62.0 For experimental purpose, you can add capability lambdaStrict:false to try it out. Input capabilities : {&quot;EnableHTTP2InMartian&quot;:false,&quot;acceptInsecureCerts&quot;:true,&quot;acceptSslCerts&quot;:true,&quot;browserName&quot;:&quot;firefox&quot;,&quot;build&quot;:&quot;ParallelTestNG&quot;,&quot;console&quot;:&quot;true&quot;,&quot;enableNetworkThrottling&quot;:false,&quot;extendedDebuging&quot;:true,&quot;headless&quot;:false,&quot;loggingPrefs&quot;:{&quot;browser&quot;:&quot;ALL&quot;,&quot;driver&quot;:&quot;ALL&quot;,&quot;server&quot;:&quot;ALL&quot;},&quot;name&quot;:&quot;ParallelTestNG&quot;,&quot;network&quot;:true,&quot;performance&quot;:false,&quot;platform&quot;:&quot;win8&quot;,&quot;resolution&quot;:&quot;1920x1080&quot;,&quot;tunnel&quot;:false,&quot;tunnelIdentifier&quot;:&quot;&quot;,&quot;userAgent&quot;:&quot;selenium/4.0.0 (java windows)&quot;,&quot;version&quot;:&quot;62.0&quot;,&quot;video&quot;:true,&quot;visual&quot;:true,&quot;w3c&quot;:true}
Build info: version: &apos;4.0.0&apos;, revision: &apos;3a21814679&apos;
System info: host: &apos;HP&apos;, ip: &apos;192.168.29.45&apos;, os.name: &apos;Windows 11&apos;, os.arch: &apos;amd64&apos;, os.version: &apos;10.0&apos;, java.version: &apos;18.0.1.1&apos;
Driver info: org.openqa.selenium.remote.RemoteWebDriver
Command: [null, newSession {capabilities=[Capabilities {browserName: firefox, platformName: win8}], desiredCapabilities=Capabilities {browserName: firefox, build: ParallelTestNG, console: true, name: ParallelTestNG, network: true, platform: WIN8, version: 62.0, video: true, visual: true}}]
Capabilities {}
	at org.openqa.selenium.remote.ProtocolHandshake.createSession(ProtocolHandshake.java:126)
	at org.openqa.selenium.remote.ProtocolHandshake.createSession(ProtocolHandshake.java:84)
	at org.openqa.selenium.remote.ProtocolHandshake.createSession(ProtocolHandshake.java:62)
	at org.openqa.selenium.remote.HttpCommandExecutor.execute(HttpCommandExecutor.java:156)
	at org.openqa.selenium.remote.TracedCommandExecutor.execute(TracedCommandExecutor.java:39)
	at org.openqa.selenium.remote.RemoteWebDriver.execute(RemoteWebDriver.java:559)
	at org.openqa.selenium.remote.RemoteWebDriver.startSession(RemoteWebDriver.java:246)
	at org.openqa.selenium.remote.RemoteWebDriver.&lt;init&gt;(RemoteWebDriver.java:168)
	at org.openqa.selenium.remote.RemoteWebDriver.&lt;init&gt;(RemoteWebDriver.java:146)
	at PageObject.Base.setUp(Base.java:60)
	at java.base/jdk.internal.reflect.DirectMethodHandleAccessor.invoke(DirectMethodHandleAccessor.java:104)
	at java.base/java.lang.reflect.Method.invoke(Method.java:577)
	at org.testng.internal.MethodInvocationHelper.invokeMethod(MethodInvocationHelper.java:133)
	at org.testng.internal.MethodInvocationHelper.invokeMethodConsideringTimeout(MethodInvocationHelper.java:62)
	at org.testng.internal.ConfigInvoker.invokeConfigurationMethod(ConfigInvoker.java:385)
	at org.testng.internal.ConfigInvoker.invokeConfigurations(ConfigInvoker.java:321)
	at org.testng.internal.TestMethodWorker.invokeBeforeClassMethods(TestMethodWorker.java:176)
	at org.testng.internal.TestMethodWorker.run(TestMethodWorker.java:122)
	at java.base/java.util.ArrayList.forEach(ArrayList.java:1511)
	at org.testng.TestRunner.privateRun(TestRunner.java:794)
	at org.testng.TestRunner.run(TestRunner.java:596)
	at org.testng.SuiteRunner.runTest(SuiteRunner.java:377)
	at org.testng.SuiteRunner.access$000(SuiteRunner.java:28)
	at org.testng.SuiteRunner$SuiteWorker.run(SuiteRunner.java:418)
	at org.testng.internal.thread.ThreadUtil.lambda$execute$0(ThreadUtil.java:64)
	at java.base/java.util.concurrent.FutureTask.run(FutureTask.java:264)
	at java.base/java.util.concurrent.ThreadPoolExecutor.runWorker(ThreadPoolExecutor.java:1136)
	at java.base/java.util.concurrent.ThreadPoolExecutor$Worker.run(ThreadPoolExecutor.java:635)
	at java.base/java.lang.Thread.run(Thread.java:833)
</pre></div></td>
<td>0</td>
<td>Test.Slider@293a5bf6</td></tr>
</table><p>
</body>
</html>